# project ns (3.9) configured on Sun Apr  6 15:59:18 2014 by
# waf 1.5.16 (abi 7, python 20706f0 on darwin)
# using ./waf
#

----------------------------------------
Checking for program gcc or cc
  find program=['gcc', 'cc'] paths=[] var='CC'
  -> '/usr/bin/gcc'

----------------------------------------
Checking for program cpp
  find program=['cpp'] paths=[] var='CPP'
  -> '/usr/bin/cpp'

----------------------------------------
Checking for program ar
  find program=['ar'] paths=[] var='AR'
  -> '/usr/bin/ar'

----------------------------------------
Checking for program ranlib
  find program=['ranlib'] paths=[] var='RANLIB'
  -> '/usr/bin/ranlib'

----------------------------------------
Checking for gcc 
ok 

----------------------------------------
Checking for program g++ or c++
  find program=['g++', 'c++'] paths=[] var='CXX'
  -> '/usr/bin/g++'

----------------------------------------
Checking for g++ 
ok 

----------------------------------------
Checking for program pkg-config
  find program=['pkg-config'] paths=[] var='PKG_CONFIG'
  -> ''

-----------------------------------------
Checking for regression reference traces 
not found

-----------------------------------------
Checking for header stdlib.h
==>
#include <stdlib.h>

int main() {
	return 0;
}

<==
[1/2] [32mcxx: build/.conf_check_0/test.cpp -> build/.conf_check_0/testbuild/debug/test_1.o
[0m['/usr/bin/g++', '-O0', '-g0', '-Idebug', '-I..', '-DNDEBUG', '-DNS3_ASSERT_ENABLE', '-DNS3_LOG_ENABLE', '../test.cpp', '-c', '-o', 'debug/test_1.o']
[2/2] [33mcxx_link: build/.conf_check_0/testbuild/debug/test_1.o -> build/.conf_check_0/testbuild/debug/testprog
[0m['/usr/bin/g++', 'debug/test_1.o', '-o', '/Users/chunxiaomu/Documents/LS_DV_Routing/ns-3/build/.conf_check_0/testbuild/debug/testprog']
yes

-----------------------------------------
Checking for header signal.h
==>
#include <signal.h>

int main() {
	return 0;
}

<==
[1/2] [32mcxx: build/.conf_check_0/test.cpp -> build/.conf_check_0/testbuild/debug/test_1.o
[0m['/usr/bin/g++', '-O0', '-g0', '-Idebug', '-I..', '-DNDEBUG', '-DNS3_ASSERT_ENABLE', '-DNS3_LOG_ENABLE', '../test.cpp', '-c', '-o', 'debug/test_1.o']
[2/2] [33mcxx_link: build/.conf_check_0/testbuild/debug/test_1.o -> build/.conf_check_0/testbuild/debug/testprog
[0m['/usr/bin/g++', 'debug/test_1.o', '-o', '/Users/chunxiaomu/Documents/LS_DV_Routing/ns-3/build/.conf_check_0/testbuild/debug/testprog']
yes

-----------------------------------------
Checking for header pthread.h
==>

#include <pthread.h>
int main ()
{
   pthread_mutex_t m;
   pthread_mutex_init (&m, NULL);
   return 0;
}

<==
[1/2] [32mcxx: build/.conf_check_0/test.cpp -> build/.conf_check_0/testbuild/debug/test_1.o
[0m['/usr/bin/g++', '-O0', '-g0', '-Idebug', '-I..', '-DNDEBUG', '-DNS3_ASSERT_ENABLE', '-DNS3_LOG_ENABLE', '../test.cpp', '-c', '-o', 'debug/test_1.o']
[2/2] [33mcxx_link: build/.conf_check_0/testbuild/debug/test_1.o -> build/.conf_check_0/testbuild/debug/testprog
[0m['/usr/bin/g++', 'debug/test_1.o', '-o', '/Users/chunxiaomu/Documents/LS_DV_Routing/ns-3/build/.conf_check_0/testbuild/debug/testprog']
yes

-----------------------------------------
Checking for type uint128_t
==>
#include <stdint.h>

int main() {
	if ((uint128_t *) 0) return 0;
	if (sizeof (uint128_t)) return 0;
}

<==
[1/2] [32mcxx: build/.conf_check_0/test.cpp -> build/.conf_check_0/testbuild/debug/test_1.o
[0m../test.cpp:4:7: error: use of undeclared identifier 'uint128_t'
        if ((uint128_t *) 0) return 0;
             ^
../test.cpp:4:18: error: expected expression
        if ((uint128_t *) 0) return 0;
                        ^
../test.cpp:5:14: error: use of undeclared identifier 'uint128_t'
        if (sizeof (uint128_t)) return 0;
                    ^
3 errors generated.
['/usr/bin/g++', '-O0', '-g0', '-Idebug', '-I..', '-DNDEBUG', '-DNS3_ASSERT_ENABLE', '-DNS3_LOG_ENABLE', '../test.cpp', '-c', '-o', 'debug/test_1.o']
command returned 'Build failed:  -> task failed (err #1): \n\t{task: cxx test.cpp -> test_1.o}'not found

-----------------------------------------
Checking for type __uint128_t
==>
#include <stdint.h>

int main() {
	if ((__uint128_t *) 0) return 0;
	if (sizeof (__uint128_t)) return 0;
}

<==
[1/2] [32mcxx: build/.conf_check_0/test.cpp -> build/.conf_check_0/testbuild/debug/test_1.o
[0m['/usr/bin/g++', '-O0', '-g0', '-Idebug', '-I..', '-DNDEBUG', '-DNS3_ASSERT_ENABLE', '-DNS3_LOG_ENABLE', '../test.cpp', '-c', '-o', 'debug/test_1.o']
[2/2] [33mcxx_link: build/.conf_check_0/testbuild/debug/test_1.o -> build/.conf_check_0/testbuild/debug/testprog
[0m['/usr/bin/g++', 'debug/test_1.o', '-o', '/Users/chunxiaomu/Documents/LS_DV_Routing/ns-3/build/.conf_check_0/testbuild/debug/testprog']
yes

-----------------------------------------------
Checking for high precision time implementation
128-bit integer

-----------------------------------------------
Checking for header stdint.h
==>
#include <stdint.h>

int main() {
	return 0;
}

<==
[1/2] [32mcxx: build/.conf_check_0/test.cpp -> build/.conf_check_0/testbuild/debug/test_1.o
[0m['/usr/bin/g++', '-O0', '-g0', '-Idebug', '-I..', '-DNDEBUG', '-DNS3_ASSERT_ENABLE', '-DNS3_LOG_ENABLE', '../test.cpp', '-c', '-o', 'debug/test_1.o']
[2/2] [33mcxx_link: build/.conf_check_0/testbuild/debug/test_1.o -> build/.conf_check_0/testbuild/debug/testprog
[0m['/usr/bin/g++', 'debug/test_1.o', '-o', '/Users/chunxiaomu/Documents/LS_DV_Routing/ns-3/build/.conf_check_0/testbuild/debug/testprog']
yes

-----------------------------------------------
Checking for header inttypes.h
==>
#include <inttypes.h>

int main() {
	return 0;
}

<==
[1/2] [32mcxx: build/.conf_check_0/test.cpp -> build/.conf_check_0/testbuild/debug/test_1.o
[0m['/usr/bin/g++', '-O0', '-g0', '-Idebug', '-I..', '-DNDEBUG', '-DNS3_ASSERT_ENABLE', '-DNS3_LOG_ENABLE', '../test.cpp', '-c', '-o', 'debug/test_1.o']
[2/2] [33mcxx_link: build/.conf_check_0/testbuild/debug/test_1.o -> build/.conf_check_0/testbuild/debug/testprog
[0m['/usr/bin/g++', 'debug/test_1.o', '-o', '/Users/chunxiaomu/Documents/LS_DV_Routing/ns-3/build/.conf_check_0/testbuild/debug/testprog']
yes

-----------------------------------------------
Checking for header sys/inttypes.h
==>
#include <sys/inttypes.h>

int main() {
	return 0;
}

<==
[1/2] [32mcxx: build/.conf_check_0/test.cpp -> build/.conf_check_0/testbuild/debug/test_1.o
[0m../test.cpp:1:10: fatal error: 'sys/inttypes.h' file not found
#include <sys/inttypes.h>
         ^
1 error generated.
['/usr/bin/g++', '-O0', '-g0', '-Idebug', '-I..', '-DNDEBUG', '-DNS3_ASSERT_ENABLE', '-DNS3_LOG_ENABLE', '../test.cpp', '-c', '-o', 'debug/test_1.o']
command returned 'Build failed:  -> task failed (err #1): \n\t{task: cxx test.cpp -> test_1.o}'not found

-----------------------------------------------
Checking for library rt
==>

int main() {
	return 0;
}

<==
[1/2] [32mcxx: build/.conf_check_0/test.cpp -> build/.conf_check_0/testbuild/debug/test_1.o
[0m['/usr/bin/g++', '-O0', '-g0', '-Idebug', '-I..', '-DNDEBUG', '-DNS3_ASSERT_ENABLE', '-DNS3_LOG_ENABLE', '../test.cpp', '-c', '-o', 'debug/test_1.o']
[2/2] [33mcxx_link: build/.conf_check_0/testbuild/debug/test_1.o -> build/.conf_check_0/testbuild/debug/testprog
[0mld: library not found for -lrt
clang: error: linker command failed with exit code 1 (use -v to see invocation)
['/usr/bin/g++', 'debug/test_1.o', '-o', '/Users/chunxiaomu/Documents/LS_DV_Routing/ns-3/build/.conf_check_0/testbuild/debug/testprog', '-lrt']
command returned 'Build failed:  -> task failed (err #1): \n\t{task: cxx_link test_1.o -> testprog}'not found

-----------------------------------------------
Checking for header netpacket/packet.h
==>
#include <netpacket/packet.h>

int main() {
	return 0;
}

<==
[1/2] [32mcxx: build/.conf_check_0/test.cpp -> build/.conf_check_0/testbuild/debug/test_1.o
[0m../test.cpp:1:10: fatal error: 'netpacket/packet.h' file not found
#include <netpacket/packet.h>
         ^
1 error generated.
['/usr/bin/g++', '-O0', '-g0', '-Idebug', '-I..', '-DNDEBUG', '-DNS3_ASSERT_ENABLE', '-DNS3_LOG_ENABLE', '../test.cpp', '-c', '-o', 'debug/test_1.o']
command returned 'Build failed:  -> task failed (err #1): \n\t{task: cxx test.cpp -> test_1.o}'not found

-----------------------------------------------
Checking for header linux/if_tun.h
==>
#include <linux/if_tun.h>

int main() {
	return 0;
}

<==
[1/2] [32mcxx: build/.conf_check_0/test.cpp -> build/.conf_check_0/testbuild/debug/test_1.o
[0m../test.cpp:1:10: fatal error: 'linux/if_tun.h' file not found
#include <linux/if_tun.h>
         ^
1 error generated.
['/usr/bin/g++', '-O0', '-g0', '-Idebug', '-I..', '-DNDEBUG', '-DNS3_ASSERT_ENABLE', '-DNS3_LOG_ENABLE', '../test.cpp', '-c', '-o', 'debug/test_1.o']
command returned 'Build failed:  -> task failed (err #1): \n\t{task: cxx test.cpp -> test_1.o}'not found

-----------------------------------------------
Checking for library sqlite3
==>

int main() {
	return 0;
}

<==
[1/2] [32mcxx: build/.conf_check_0/test.cpp -> build/.conf_check_0/testbuild/debug/test_1.o
[0m['/usr/bin/g++', '-O0', '-g0', '-Idebug', '-I..', '-DNDEBUG', '-DNS3_ASSERT_ENABLE', '-DNS3_LOG_ENABLE', '../test.cpp', '-c', '-o', 'debug/test_1.o']
[2/2] [33mcxx_link: build/.conf_check_0/testbuild/debug/test_1.o -> build/.conf_check_0/testbuild/debug/testprog
[0m['/usr/bin/g++', 'debug/test_1.o', '-o', '/Users/chunxiaomu/Documents/LS_DV_Routing/ns-3/build/.conf_check_0/testbuild/debug/testprog', '-lsqlite3']
yes

-----------------------------------------------
Checking for NSC location 
not found

-----------------------------------------------
Checking for header sys/socket.h
==>
#include <sys/socket.h>

int main() {
	return 0;
}

<==
[1/2] [32mcxx: build/.conf_check_0/test.cpp -> build/.conf_check_0/testbuild/debug/test_1.o
[0m['/usr/bin/g++', '-O0', '-g0', '-Idebug', '-I..', '-DNDEBUG', '-DNS3_ASSERT_ENABLE', '-DNS3_LOG_ENABLE', '../test.cpp', '-c', '-o', 'debug/test_1.o']
[2/2] [33mcxx_link: build/.conf_check_0/testbuild/debug/test_1.o -> build/.conf_check_0/testbuild/debug/testprog
[0m['/usr/bin/g++', 'debug/test_1.o', '-o', '/Users/chunxiaomu/Documents/LS_DV_Routing/ns-3/build/.conf_check_0/testbuild/debug/testprog']
yes

-----------------------------------------------
Checking for header netinet/in.h
==>
#include <netinet/in.h>

int main() {
	return 0;
}

<==
[1/2] [32mcxx: build/.conf_check_0/test.cpp -> build/.conf_check_0/testbuild/debug/test_1.o
[0m['/usr/bin/g++', '-O0', '-g0', '-Idebug', '-I..', '-DNDEBUG', '-DNS3_ASSERT_ENABLE', '-DNS3_LOG_ENABLE', '../test.cpp', '-c', '-o', 'debug/test_1.o']
[2/2] [33mcxx_link: build/.conf_check_0/testbuild/debug/test_1.o -> build/.conf_check_0/testbuild/debug/testprog
[0m['/usr/bin/g++', 'debug/test_1.o', '-o', '/Users/chunxiaomu/Documents/LS_DV_Routing/ns-3/build/.conf_check_0/testbuild/debug/testprog']
yes

-----------------------------------------------
Checking for program python
  find program=['python'] paths=[] var='PYTHON'
  -> '/Library/Frameworks/Python.framework/Versions/2.7/Resources/Python.app/Contents/MacOS/Python'

-----------------------------------------------
Checking for Python version >= 2.3
ok 2.7.6
Configuration returned from '/Library/Frameworks/Python.framework/Versions/2.7/Resources/Python.app/Contents/MacOS/Python':
python_prefix = '/Library/Frameworks/Python.framework/Versions/2.7'
python_SO = '.so'
python_SYSLIBS = ''
python_LDFLAGS = '-arch i386 -arch x86_64   -g'
python_SHLIBS = '-ldl  -framework CoreFoundation'
python_LIBDIR = '/Library/Frameworks/Python.framework/Versions/2.7/lib'
python_LIBPL = '/Library/Frameworks/Python.framework/Versions/2.7/lib/python2.7/config'
INCLUDEPY = '/Library/Frameworks/Python.framework/Versions/2.7/include/python2.7'
Py_ENABLE_SHARED = 0
MACOSX_DEPLOYMENT_TARGET = '10.6'


# Trying LIBDIR: ['/Library/Frameworks/Python.framework/Versions/2.7/lib']

-----------------------------------------------
Checking for library python2.7
==>

int main() {
	return 0;
}

<==
[1/2] [32mcxx: build/.conf_check_0/test.cpp -> build/.conf_check_0/testbuild/debug/test_1.o
[0m['/usr/bin/g++', '-O0', '-g0', '-Idebug', '-I..', '-DNDEBUG', '-DNS3_ASSERT_ENABLE', '-DNS3_LOG_ENABLE', '../test.cpp', '-c', '-o', 'debug/test_1.o']
[2/2] [33mcxx_link: build/.conf_check_0/testbuild/debug/test_1.o -> build/.conf_check_0/testbuild/debug/testprog
[0m['/usr/bin/g++', 'debug/test_1.o', '-o', '/Users/chunxiaomu/Documents/LS_DV_Routing/ns-3/build/.conf_check_0/testbuild/debug/testprog', '-framework', 'CoreFoundation', '-L/Library/Frameworks/Python.framework/Versions/2.7/lib', '-lpython2.7', '-ldl']
yes

-----------------------------------------------
Checking for program python2.7-config
  find program=['python2.7-config'] paths=[] var='PYTHON_CONFIG'
  -> '/Library/Frameworks/Python.framework/Versions/2.7/bin/python2.7-config'
Include path for Python extensions (found via python-config --includes): ['/Library/Frameworks/Python.framework/Versions/2.7/include/python2.7']

-----------------------------------------------
Checking for header Python.h
==>

#ifdef __cplusplus
extern "C" {
#endif
	void Py_Initialize(void);
	void Py_Finalize(void);
#ifdef __cplusplus
}
#endif
int main()
{
   Py_Initialize();
   Py_Finalize();
   return 0;
}

<==
[1/2] [32mcxx: build/.conf_check_0/test.cpp -> build/.conf_check_0/testbuild/debug/test_1.o
[0m['/usr/bin/g++', '-O0', '-g0', '-fno-strict-aliasing', '-Idebug', '-I..', '-I/Library/Frameworks/Python.framework/Versions/2.7/include/python2.7', '-DNDEBUG', '-DNS3_ASSERT_ENABLE', '-DNS3_LOG_ENABLE', '../test.cpp', '-c', '-o', 'debug/test_1.o']
[2/2] [33mcxx_link: build/.conf_check_0/testbuild/debug/test_1.o -> build/.conf_check_0/testbuild/debug/testprog
[0m['/usr/bin/g++', 'debug/test_1.o', '-o', '/Users/chunxiaomu/Documents/LS_DV_Routing/ns-3/build/.conf_check_0/testbuild/debug/testprog', '-framework', 'CoreFoundation', '-L/Library/Frameworks/Python.framework/Versions/2.7/lib', '-ldl', '-lpython2.7']
yes
==>
#include <stdio.h>
int main() { return 0; }

<==
[1/2] [32mcxx: build/.conf_check_0/test.cc -> build/.conf_check_0/testbuild/debug/test_1.o
[0m['/usr/bin/g++', '-O0', '-g0', '-fvisibility=hidden', '-Idebug', '-I..', '-DNDEBUG', '-DNS3_ASSERT_ENABLE', '-DNS3_LOG_ENABLE', '../test.cc', '-c', '-o', 'debug/test_1.o']
[2/2] [33mcxx_link: build/.conf_check_0/testbuild/debug/test_1.o -> build/.conf_check_0/testbuild/debug/testprog
[0m['/usr/bin/g++', 'debug/test_1.o', '-o', '/Users/chunxiaomu/Documents/LS_DV_Routing/ns-3/build/.conf_check_0/testbuild/debug/testprog']

-----------------------------------------------
Checking for -fvisibility=hidden support
yes

-----------------------------------------------
Checking for pybindgen location 
not found

-----------------------------------------------
Checking for Python module pybindgen
not found

-----------------------------------------------
Checking for program mpic++
  find program=['mpic++'] paths=[] var='MPI'
  -> ''

-----------------------------------------------
Checking for program sudo
  find program=['sudo'] paths=[] var='SUDO'
  -> '/usr/bin/sudo'

-----------------------------------------------
Checking for program hg
  find program=['hg'] paths=[] var='MERCURIAL'
  -> ''

-----------------------------------------------
Checking for program valgrind
  find program=['valgrind'] paths=[] var='VALGRIND'
  -> ''
==>
#include <stdio.h>
int main() { return 0; }

<==
[1/2] [32mcxx: build/.conf_check_0/test.cc -> build/.conf_check_0/testbuild/debug/test_1.o
[0m['/usr/bin/g++', '-O0', '-g0', '-Wno-error=deprecated-declarations', '-Idebug', '-I..', '-DNDEBUG', '-DNS3_ASSERT_ENABLE', '-DNS3_LOG_ENABLE', '../test.cc', '-c', '-o', 'debug/test_1.o']
[2/2] [33mcxx_link: build/.conf_check_0/testbuild/debug/test_1.o -> build/.conf_check_0/testbuild/debug/testprog
[0m['/usr/bin/g++', 'debug/test_1.o', '-o', '/Users/chunxiaomu/Documents/LS_DV_Routing/ns-3/build/.conf_check_0/testbuild/debug/testprog']

-------------------------------------------------------
Checking for -Wno-error=deprecated-declarations support
yes
==>
#include <stdio.h>
int main() { return 0; }

<==
[1/2] [32mcc: build/.conf_check_0/test.c -> build/.conf_check_0/testbuild/debug/test_1.o
[0m['/usr/bin/gcc', '-O0', '-g0', '-O0', '-g0', '-Wno-error=deprecated-declarations', '-Idebug', '-I..', '-DNDEBUG', '-DNS3_ASSERT_ENABLE', '-DNS3_LOG_ENABLE', '../test.c', '-c', '-o', 'debug/test_1.o']
[2/2] [33mcc_link: build/.conf_check_0/testbuild/debug/test_1.o -> build/.conf_check_0/testbuild/debug/testprog
[0m['/usr/bin/gcc', 'debug/test_1.o', '-o', '/Users/chunxiaomu/Documents/LS_DV_Routing/ns-3/build/.conf_check_0/testbuild/debug/testprog']

-------------------------------------------------------
Checking for -Wno-error=deprecated-declarations support
yes
==>
#include <stdio.h>
int main() { return 0; }

<==
[1/2] [32mcxx: build/.conf_check_0/test.cc -> build/.conf_check_0/testbuild/debug/test_1.o
[0m['/usr/bin/g++', '-O0', '-g0', '-Wno-error=deprecated-declarations', '-fstrict-aliasing', '-Idebug', '-I..', '-DNDEBUG', '-DNS3_ASSERT_ENABLE', '-DNS3_LOG_ENABLE', '../test.cc', '-c', '-o', 'debug/test_1.o']
[2/2] [33mcxx_link: build/.conf_check_0/testbuild/debug/test_1.o -> build/.conf_check_0/testbuild/debug/testprog
[0m['/usr/bin/g++', 'debug/test_1.o', '-o', '/Users/chunxiaomu/Documents/LS_DV_Routing/ns-3/build/.conf_check_0/testbuild/debug/testprog']

-------------------------------------------------------
Checking for -fstrict-aliasing support
yes
==>
#include <stdio.h>
int main() { return 0; }

<==
[1/2] [32mcc: build/.conf_check_0/test.c -> build/.conf_check_0/testbuild/debug/test_1.o
[0m['/usr/bin/gcc', '-O0', '-g0', '-O0', '-g0', '-Wno-error=deprecated-declarations', '-fstrict-aliasing', '-Idebug', '-I..', '-DNDEBUG', '-DNS3_ASSERT_ENABLE', '-DNS3_LOG_ENABLE', '../test.c', '-c', '-o', 'debug/test_1.o']
[2/2] [33mcc_link: build/.conf_check_0/testbuild/debug/test_1.o -> build/.conf_check_0/testbuild/debug/testprog
[0m['/usr/bin/gcc', 'debug/test_1.o', '-o', '/Users/chunxiaomu/Documents/LS_DV_Routing/ns-3/build/.conf_check_0/testbuild/debug/testprog']

-------------------------------------------------------
Checking for -fstrict-aliasing support
yes
==>
#include <stdio.h>
int main() { return 0; }

<==
[1/2] [32mcxx: build/.conf_check_0/test.cc -> build/.conf_check_0/testbuild/debug/test_1.o
[0m['/usr/bin/g++', '-O0', '-g0', '-Wno-error=deprecated-declarations', '-fstrict-aliasing', '-Wstrict-aliasing', '-Idebug', '-I..', '-DNDEBUG', '-DNS3_ASSERT_ENABLE', '-DNS3_LOG_ENABLE', '../test.cc', '-c', '-o', 'debug/test_1.o']
[2/2] [33mcxx_link: build/.conf_check_0/testbuild/debug/test_1.o -> build/.conf_check_0/testbuild/debug/testprog
[0m['/usr/bin/g++', 'debug/test_1.o', '-o', '/Users/chunxiaomu/Documents/LS_DV_Routing/ns-3/build/.conf_check_0/testbuild/debug/testprog']

-------------------------------------------------------
Checking for -Wstrict-aliasing support
yes
==>
#include <stdio.h>
int main() { return 0; }

<==
[1/2] [32mcc: build/.conf_check_0/test.c -> build/.conf_check_0/testbuild/debug/test_1.o
[0m['/usr/bin/gcc', '-O0', '-g0', '-O0', '-g0', '-Wno-error=deprecated-declarations', '-fstrict-aliasing', '-Wstrict-aliasing', '-Idebug', '-I..', '-DNDEBUG', '-DNS3_ASSERT_ENABLE', '-DNS3_LOG_ENABLE', '../test.c', '-c', '-o', 'debug/test_1.o']
[2/2] [33mcc_link: build/.conf_check_0/testbuild/debug/test_1.o -> build/.conf_check_0/testbuild/debug/testprog
[0m['/usr/bin/gcc', 'debug/test_1.o', '-o', '/Users/chunxiaomu/Documents/LS_DV_Routing/ns-3/build/.conf_check_0/testbuild/debug/testprog']

-------------------------------------------------------
Checking for -Wstrict-aliasing support
yes
